2022-07-26 14:14:13 [91.209.131.193][-][-][error][application] [
    'order_id' => '63c791ba104682e33b3d80c081527ec73c541ff8',
    'status' => 'success',
    'payment_hash' => 'c5552a203cf6f2b7af666008999f381b1b5e0d5f',
    'ipay_payment_id' => '1947934',
    'status_description' => 'PERFORMED',
    'shop_order_id' => 'z8i3scRdvMIHfvYq',
    'payment_method' => 'GC_CARD',
    'card_type' => 'UNKNOWN',
    'transaction_id' => 'MB6U4POGRZ1S5C7K',
    'pan' => 'null',
]
    in /usr/www/users/chopsty/back_api/rest/modules/v1/controllers/IpayController.php:138
2022-07-26 14:14:13 [91.209.131.193][-][-][info][application] $_GET = [
    'r' => 'v1/ipay/payment'
]

$_POST = [
    'order_id' => '63c791ba104682e33b3d80c081527ec73c541ff8'
    'status' => 'success'
    'payment_hash' => 'c5552a203cf6f2b7af666008999f381b1b5e0d5f'
    'ipay_payment_id' => '1947934'
    'status_description' => 'PERFORMED'
    'shop_order_id' => 'z8i3scRdvMIHfvYq'
    'payment_method' => 'GC_CARD'
    'card_type' => 'UNKNOWN'
    'transaction_id' => 'MB6U4POGRZ1S5C7K'
    'pan' => 'null'
]
2022-07-26 14:14:33 [91.209.131.193][-][-][error][application] [
    'order_id' => 'cc82ea76d9c12efcc6b47477bf27c2d3c8b8fea1',
    'status' => 'success',
    'payment_hash' => '6acec72be097c35c10aeca622c2e75cd9e3264cd',
    'ipay_payment_id' => '1948053',
    'status_description' => 'PERFORMED',
    'shop_order_id' => '123456',
    'payment_method' => 'GC_CARD',
    'card_type' => 'UNKNOWN',
    'transaction_id' => 'MBST6DIHMV7WE55M',
    'pan' => 'null',
]
    in /usr/www/users/chopsty/back_api/rest/modules/v1/controllers/IpayController.php:138
2022-07-26 14:14:33 [91.209.131.193][-][-][info][application] $_GET = [
    'r' => 'v1/ipay/payment'
]

$_POST = [
    'order_id' => 'cc82ea76d9c12efcc6b47477bf27c2d3c8b8fea1'
    'status' => 'success'
    'payment_hash' => '6acec72be097c35c10aeca622c2e75cd9e3264cd'
    'ipay_payment_id' => '1948053'
    'status_description' => 'PERFORMED'
    'shop_order_id' => '123456'
    'payment_method' => 'GC_CARD'
    'card_type' => 'UNKNOWN'
    'transaction_id' => 'MBST6DIHMV7WE55M'
    'pan' => 'null'
]
2022-07-30 19:03:12 [91.209.131.193][-][-][error][application] [
    'order_id' => '81acc4a62cf51e0d5528a4aa0f57f24c252518ee',
    'status' => 'error',
    'payment_hash' => '140354866dc11a3eb395eb932dbfed7b2ce92b6f',
    'ipay_payment_id' => '1974624',
    'status_description' => 'REJECTED',
    'shop_order_id' => 'ehv5vS1Zz_V13kqk',
    'payment_method' => 'UNKNOWN',
    'card_type' => 'UNKNOWN',
]
    in /usr/www/users/chopsty/back_api/rest/modules/v1/controllers/IpayController.php:138
2022-07-30 19:03:12 [91.209.131.193][-][-][info][application] $_GET = [
    'r' => 'v1/ipay/payment'
]

$_POST = [
    'order_id' => '81acc4a62cf51e0d5528a4aa0f57f24c252518ee'
    'status' => 'error'
    'payment_hash' => '140354866dc11a3eb395eb932dbfed7b2ce92b6f'
    'ipay_payment_id' => '1974624'
    'status_description' => 'REJECTED'
    'shop_order_id' => 'ehv5vS1Zz_V13kqk'
    'payment_method' => 'UNKNOWN'
    'card_type' => 'UNKNOWN'
]
2022-07-30 19:04:12 [91.209.131.193][-][-][error][application] [
    'order_id' => '716bac73cee6cddc41148cc08d292ca26d1e7b4e',
    'status' => 'error',
    'payment_hash' => 'd573e061224385cbb2a5ca1dafa5a44f75c7844d',
    'ipay_payment_id' => '1974632',
    'status_description' => 'REJECTED',
    'shop_order_id' => 'dzT39ifAtfSojhsb',
    'payment_method' => 'UNKNOWN',
    'card_type' => 'UNKNOWN',
]
    in /usr/www/users/chopsty/back_api/rest/modules/v1/controllers/IpayController.php:138
2022-07-30 19:04:12 [91.209.131.193][-][-][info][application] $_GET = [
    'r' => 'v1/ipay/payment'
]

$_POST = [
    'order_id' => '716bac73cee6cddc41148cc08d292ca26d1e7b4e'
    'status' => 'error'
    'payment_hash' => 'd573e061224385cbb2a5ca1dafa5a44f75c7844d'
    'ipay_payment_id' => '1974632'
    'status_description' => 'REJECTED'
    'shop_order_id' => 'dzT39ifAtfSojhsb'
    'payment_method' => 'UNKNOWN'
    'card_type' => 'UNKNOWN'
]
